<?xml version="1.0" encoding="UTF-8"?>
<testng-results skipped="0" failed="0" ignored="0" total="1" passed="1">
  <reporter-output>
  </reporter-output>
  <suite name="Default suite" duration-ms="15212" started-at="2021-01-05T23:47:55Z" finished-at="2021-01-05T23:48:11Z">
    <groups>
    </groups>
    <test name="Default test" duration-ms="15212" started-at="2021-01-05T23:47:55Z" finished-at="2021-01-05T23:48:11Z">
      <class name="test.AddContactTest">
        <test-method status="PASS" signature="goToContactPage()[pri:0, instance:test.AddContactTest@32502377]" name="goToContactPage" is-config="true" duration-ms="8235" started-at="2021-01-05T23:47:55Z" finished-at="2021-01-05T23:48:04Z">
          <reporter-output>
          </reporter-output>
        </test-method> <!-- goToContactPage -->
        <test-method status="PASS" signature="userShouldBeAbleToCreateAProfileWithValidContactInformation()[pri:0, instance:test.AddContactTest@32502377]" name="userShouldBeAbleToCreateAProfileWithValidContactInformation" duration-ms="6942" started-at="2021-01-05T23:48:04Z" finished-at="2021-01-05T23:48:11Z">
          <reporter-output>
          </reporter-output>
        </test-method> <!-- userShouldBeAbleToCreateAProfileWithValidContactInformation -->
      </class> <!-- test.AddContactTest -->
    </test> <!-- Default test -->
  </suite> <!-- Default suite -->
</testng-results>
